11:52:38,811  INFO DispatcherServlet:454 - FrameworkServlet 'mvc-dispatcher': initialization started
11:52:38,826  INFO XmlWebApplicationContext:510 - Refreshing WebApplicationContext for namespace 'mvc-dispatcher-servlet': startup date [Mon Oct 14 11:52:38 CEST 2013]; parent: Root WebApplicationContext
11:52:38,828  INFO XmlBeanDefinitionReader:315 - Loading XML bean definitions from ServletContext resource [/WEB-INF/mvc-dispatcher-servlet.xml]
11:52:39,405  INFO ClassPathBeanDefinitionScanner:231 - JSR-250 'javax.annotation.ManagedBean' found and supported for component scanning
11:52:39,406  INFO ClassPathBeanDefinitionScanner:239 - JSR-330 'javax.inject.Named' annotation found and supported for component scanning
11:52:39,446  INFO DefaultListableBeanFactory:665 - Overriding bean definition for bean 'reportJob': replacing [Generic bean: class [org.springframework.batch.core.configuration.xml.SimpleFlowFactoryBean]; scope=; abstract=false; lazyInit=false; autowireMode=0; dependencyCheck=0; autowireCandidate=true; primary=false; factoryBeanName=null; factoryMethodName=null; initMethodName=null; destroyMethodName=null] with [Generic bean: class [org.springframework.batch.core.configuration.xml.JobParserJobFactoryBean]; scope=; abstract=false; lazyInit=false; autowireMode=0; dependencyCheck=0; autowireCandidate=true; primary=false; factoryBeanName=null; factoryMethodName=null; initMethodName=null; destroyMethodName=null]
11:52:39,492  INFO AutowiredAnnotationBeanPostProcessor:140 - JSR-330 'javax.inject.Inject' annotation found and supported for autowiring
11:52:39,528  INFO DefaultListableBeanFactory:598 - Pre-instantiating singletons in org.springframework.beans.factory.support.DefaultListableBeanFactory@6ad9d4f3: defining beans [nonReportableController,nonFinancialDAO,instrumentItemPreparedStatementSetter,instrumentsFromCFTCLineMapper,runScheduler,org.springframework.context.annotation.internalConfigurationAnnotationProcessor,org.springframework.context.annotation.internalAutowiredAnnotationProcessor,org.springframework.context.annotation.internalRequiredAnnotationProcessor,org.springframework.context.annotation.internalCommonAnnotationProcessor,mvcContentNegotiationManager,org.springframework.web.servlet.mvc.method.annotation.RequestMappingHandlerMapping#0,org.springframework.format.support.FormattingConversionServiceFactoryBean#0,org.springframework.web.servlet.mvc.method.annotation.RequestMappingHandlerAdapter#0,org.springframework.web.servlet.handler.MappedInterceptor#0,org.springframework.web.servlet.mvc.method.annotation.ExceptionHandlerExceptionResolver#0,org.springframework.web.servlet.mvc.annotation.ResponseStatusExceptionResolver#0,org.springframework.web.servlet.mvc.support.DefaultHandlerExceptionResolver#0,org.springframework.web.servlet.handler.BeanNameUrlHandlerMapping,org.springframework.web.servlet.mvc.HttpRequestHandlerAdapter,org.springframework.web.servlet.mvc.SimpleControllerHandlerAdapter,org.springframework.aop.config.internalAutoProxyCreator,org.springframework.cache.annotation.AnnotationCacheOperationSource#0,org.springframework.cache.interceptor.CacheInterceptor#0,org.springframework.cache.config.internalCacheAdvisor,dataSource,jdbcTemplate,transactionManager,cacheManager,jobRepository,org.springframework.batch.core.scope.internalStepScope,org.springframework.beans.factory.config.CustomEditorConfigurer,org.springframework.batch.core.configuration.xml.CoreNamespacePostProcessor,step1,reportJob,jobLauncher,simpleJob,customReader,customWriter,org.springframework.scheduling.support.ScheduledMethodRunnable#0,org.springframework.scheduling.config.CronTask#0,org.springframework.scheduling.config.ContextLifecycleScheduledTaskRegistrar#0,org.springframework.jdbc.datasource.init.DataSourceInitializer#0,loggingAspect,org.springframework.context.annotation.ConfigurationClassPostProcessor.importAwareProcessor]; parent: org.springframework.beans.factory.support.DefaultListableBeanFactory@7dd5195c
11:52:39,780  INFO DriverManagerDataSource:153 - Loaded JDBC driver: com.mysql.jdbc.Driver
11:52:40,062  INFO SimpleJobLauncher:194 - No TaskExecutor has been set, defaulting to synchronous executor.
11:52:40,436  INFO RequestMappingHandlerMapping:179 - Mapped "{[/client/nonfin],methods=[GET],params=[],headers=[],consumes=[],produces=[],custom=[]}" onto public java.util.List<com.iti.cftc.cot.model.InstrumentData> com.iti.cftc.cot.controller.NonReportableController.getNonFinData()
11:52:40,810  INFO ResourceDatabasePopulator:161 - Executing SQL script from class path resource [org/springframework/batch/core/schema-drop-mysql.sql]
11:52:40,905  INFO ResourceDatabasePopulator:216 - Done executing SQL script from class path resource [org/springframework/batch/core/schema-drop-mysql.sql] in 95 ms.
11:52:40,905  INFO ResourceDatabasePopulator:161 - Executing SQL script from class path resource [org/springframework/batch/core/schema-mysql.sql]
11:52:41,308  INFO ResourceDatabasePopulator:216 - Done executing SQL script from class path resource [org/springframework/batch/core/schema-mysql.sql] in 402 ms.
11:52:41,491  INFO DispatcherServlet:473 - FrameworkServlet 'mvc-dispatcher': initialization completed in 2673 ms
11:52:58,185  INFO LoggingAspect:21 - ***************************************** Start NonFinancialDAO.getAllInstrumentData() **************************************
11:52:58,192  INFO LoggingAspect:28 - Entering to Class com.iti.cftc.cot.dao.NonFinancialDAO With Method Name getAllInstrumentData at 2013/10/14 11:52:58:191
11:52:58,192  INFO LoggingAspect:29 - Method Excecution Completed getAllInstrumentData in Calss com.iti.cftc.cot.dao.NonFinancialDAO at 2013/10/14 11:52:58:192
11:52:58,193  INFO LoggingAspect:31 - Method execution time for method getAllInstrumentData in Calss com.iti.cftc.cot.dao.NonFinancialDAO:3 milliseconds.
11:52:58,193  INFO LoggingAspect:32 - ***************************************** End NonFinancialDAO.getAllInstrumentData() **************************************
